#
# There is insufficient memory for the Java Runtime Environment to continue.
# Native memory allocation (mmap) failed to map 143130624 bytes for committing reserved memory.
# Possible reasons:
#   The system is out of physical RAM or swap space
#   In 32 bit mode, the process size limit was hit
# Possible solutions:
#   Reduce memory load on the system
#   Increase physical memory or swap space
#   Check if swap backing store is full
#   Use 64 bit Java on a 64 bit OS
#   Decrease Java heap size (-Xmx/-Xms)
#   Decrease number of Java threads
#   Decrease Java thread stack sizes (-Xss)
#   Set larger code cache with -XX:ReservedCodeCacheSize=
# This output file may be truncated or incomplete.
#
#  Out of Memory Error (os_linux.cpp:2627), pid=14161, tid=139891530790656
#
# JRE version: Java(TM) SE Runtime Environment (8.0_71-b15) (build 1.8.0_71-b15)
# Java VM: Java HotSpot(TM) 64-Bit Server VM (25.71-b15 mixed mode linux-amd64 compressed oops)
# Failed to write core dump. Core dumps have been disabled. To enable core dumping, try "ulimit -c unlimited" before starting Java again
#

---------------  T H R E A D  ---------------

Current thread (0x00007f3b18079800):  VMThread [stack: 0x00007f3b08eff000,0x00007f3b09000000] [id=14168]

Stack: [0x00007f3b08eff000,0x00007f3b09000000],  sp=0x00007f3b08ffe060,  free space=1020k
Native frames: (J=compiled Java code, j=interpreted, Vv=VM code, C=native code)
V  [libjvm.so+0xaba71a]  VMError::report_and_die()+0x2ba
V  [libjvm.so+0x4f9ecb]  report_vm_out_of_memory(char const*, int, unsigned long, VMErrorType, char const*)+0x8b
V  [libjvm.so+0x91b553]  os::Linux::commit_memory_impl(char*, unsigned long, bool)+0x103
V  [libjvm.so+0x91baa9]  os::pd_commit_memory(char*, unsigned long, unsigned long, bool)+0x29
V  [libjvm.so+0x915dba]  os::commit_memory(char*, unsigned long, unsigned long, bool)+0x2a
V  [libjvm.so+0x989463]  PSVirtualSpace::expand_by(unsigned long)+0x53
V  [libjvm.so+0x98a868]  PSYoungGen::resize_generation(unsigned long, unsigned long)+0xf8
V  [libjvm.so+0x9899c2]  PSYoungGen::resize(unsigned long, unsigned long)+0x22
V  [libjvm.so+0x986c9b]  PSScavenge::invoke_no_policy()+0xf3b
V  [libjvm.so+0x987421]  PSScavenge::invoke()+0x41
V  [libjvm.so+0x93f1b0]  ParallelScavengeHeap::failed_mem_allocate(unsigned long)+0x70
V  [libjvm.so+0xabc137]  VM_ParallelGCFailedAllocation::doit()+0x97
V  [libjvm.so+0xac3b65]  VM_Operation::evaluate()+0x55
V  [libjvm.so+0xac1f3a]  VMThread::evaluate_operation(VM_Operation*)+0xba
V  [libjvm.so+0xac22be]  VMThread::loop()+0x1ce
V  [libjvm.so+0xac2730]  VMThread::run()+0x70
V  [libjvm.so+0x91d918]  java_start(Thread*)+0x108

VM_Operation (0x00007f3b21c8dbb0): ParallelGCFailedAllocation, mode: safepoint, requested by thread 0x00007f3b1800b800


---------------  P R O C E S S  ---------------

Java Threads: ( => current thread )
  0x00007f3b180dc800 JavaThread "Service Thread" daemon [_thread_blocked, id=14175, stack(0x00007f3b082ba000,0x00007f3b083bb000)]
  0x00007f3b180bf800 JavaThread "C1 CompilerThread2" daemon [_thread_blocked, id=14174, stack(0x00007f3b083bb000,0x00007f3b084bc000)]
  0x00007f3b180bd800 JavaThread "C2 CompilerThread1" daemon [_thread_blocked, id=14173, stack(0x00007f3b084bc000,0x00007f3b085bd000)]
  0x00007f3b180bb000 JavaThread "C2 CompilerThread0" daemon [_thread_blocked, id=14172, stack(0x00007f3b085bd000,0x00007f3b086be000)]
  0x00007f3b180b9800 JavaThread "Signal Dispatcher" daemon [_thread_blocked, id=14171, stack(0x00007f3b086be000,0x00007f3b087bf000)]
  0x00007f3b18080800 JavaThread "Finalizer" daemon [_thread_blocked, id=14170, stack(0x00007f3b08cfd000,0x00007f3b08dfe000)]
  0x00007f3b1807e800 JavaThread "Reference Handler" daemon [_thread_blocked, id=14169, stack(0x00007f3b08dfe000,0x00007f3b08eff000)]
  0x00007f3b1800b800 JavaThread "main" [_thread_blocked, id=14163, stack(0x00007f3b21b8f000,0x00007f3b21c90000)]

Other Threads:
=>0x00007f3b18079800 VMThread [stack: 0x00007f3b08eff000,0x00007f3b09000000] [id=14168]
  0x00007f3b180df800 WatcherThread [stack: 0x00007f3b081b9000,0x00007f3b082ba000] [id=14176]

VM state:at safepoint (normal execution)

VM Mutex/Monitor currently owned by a thread:  ([mutex/lock_event])
[0x00007f3b18007a20] Threads_lock - owner thread: 0x00007f3b18079800
[0x00007f3b18007f20] Heap_lock - owner thread: 0x00007f3b1800b800

Heap:
 PSYoungGen      total 387584K, used 95712K [0x00000000d6e00000, 0x00000000f6600000, 0x0000000100000000)
  eden space 291840K, 0% used [0x00000000d6e00000,0x00000000d6e00000,0x00000000e8b00000)
  from space 95744K, 99% used [0x00000000e8b00000,0x00000000ee8781f0,0x00000000ee880000)
  to   space 78336K, 0% used [0x00000000ee880000,0x00000000ee880000,0x00000000f3500000)
 ParOldGen       total 184832K, used 123998K [0x0000000084a00000, 0x000000008fe80000, 0x00000000d6e00000)
  object space 184832K, 67% used [0x0000000084a00000,0x000000008c317ba0,0x000000008fe80000)
 Metaspace       used 14295K, capacity 14458K, committed 14720K, reserved 1062912K
  class space    used 1558K, capacity 1595K, committed 1664K, reserved 1048576K

Card table byte_map: [0x00007f3b1e57d000,0x00007f3b1e959000] byte_map_base: 0x00007f3b1e158000

Marking Bits: (ParMarkBitMap*) 0x00007f3b2106dfc0
 Begin Bits: [0x00007f3b00250000, 0x00007f3b02128000)
 End Bits:   [0x00007f3b02128000, 0x00007f3b04000000)

Polling page: 0x00007f3b21cb5000

CodeCache: size=245760Kb used=10150Kb max_used=10164Kb free=235609Kb
 bounds [0x00007f3b09000000, 0x00007f3b09a00000, 0x00007f3b18000000]
 total_blobs=3113 nmethods=2765 adapters=260
 compilation: enabled

Compilation events (10 events):
Event: 10.203 Thread 0x00007f3b180bf800 2788       3       java.util.zip.CRC32::getValue (10 bytes)
Event: 10.203 Thread 0x00007f3b180bf800 nmethod 2788 0x00007f3b09125c10 code [0x00007f3b09125d60, 0x00007f3b09125ed0]
Event: 10.203 Thread 0x00007f3b180bf800 2787       3       org.apache.tools.zip.ZipOutputStream$CurrentEntry::access$200 (5 bytes)
Event: 10.203 Thread 0x00007f3b180bf800 nmethod 2787 0x00007f3b0912c6d0 code [0x00007f3b0912c820, 0x00007f3b0912c950]
Event: 10.275 Thread 0x00007f3b180bf800 2790       3       org.apache.tools.zip.ZipOutputStream::writeDeflated (129 bytes)
Event: 10.276 Thread 0x00007f3b180bf800 nmethod 2790 0x00007f3b099f0410 code [0x00007f3b099f0660, 0x00007f3b099f14b8]
Event: 10.329 Thread 0x00007f3b180bd800 2791       4       org.apache.tools.ant.types.resources.FileResource::<init> (10 bytes)
Event: 10.345 Thread 0x00007f3b180bd800 nmethod 2791 0x00007f3b099ef310 code [0x00007f3b099ef4c0, 0x00007f3b099efc28]
Event: 10.424 Thread 0x00007f3b180bb000 2792       4       org.apache.tools.ant.types.resources.ArchiveResource::isExists (27 bytes)
Event: 10.434 Thread 0x00007f3b180bb000 nmethod 2792 0x00007f3b099f2490 code [0x00007f3b099f2640, 0x00007f3b099f30a8]

GC Heap History (10 events):
Event: 5.901 GC heap after
Heap after GC invocations=8 (full 1):
 PSYoungGen      total 149504K, used 0K [0x00000000d6e00000, 0x00000000eb600000, 0x0000000100000000)
  eden space 118272K, 0% used [0x00000000d6e00000,0x00000000d6e00000,0x00000000de180000)
  from space 31232K, 0% used [0x00000000de180000,0x00000000de180000,0x00000000e0000000)
  to   space 49664K, 0% used [0x00000000e8580000,0x00000000e8580000,0x00000000eb600000)
 ParOldGen       total 129024K, used 65179K [0x0000000084a00000, 0x000000008c800000, 0x00000000d6e00000)
  object space 129024K, 50% used [0x0000000084a00000,0x00000000889a6d68,0x000000008c800000)
 Metaspace       used 14270K, capacity 14458K, committed 14720K, reserved 1062912K
  class space    used 1558K, capacity 1595K, committed 1664K, reserved 1048576K
}
Event: 6.414 GC heap before
{Heap before GC invocations=9 (full 1):
 PSYoungGen      total 149504K, used 118272K [0x00000000d6e00000, 0x00000000eb600000, 0x0000000100000000)
  eden space 118272K, 100% used [0x00000000d6e00000,0x00000000de180000,0x00000000de180000)
  from space 31232K, 0% used [0x00000000de180000,0x00000000de180000,0x00000000e0000000)
  to   space 49664K, 0% used [0x00000000e8580000,0x00000000e8580000,0x00000000eb600000)
 ParOldGen       total 129024K, used 65179K [0x0000000084a00000, 0x000000008c800000, 0x00000000d6e00000)
  object space 129024K, 50% used [0x0000000084a00000,0x00000000889a6d68,0x000000008c800000)
 Metaspace       used 14276K, capacity 14458K, committed 14720K, reserved 1062912K
  class space    used 1558K, capacity 1595K, committed 1664K, reserved 1048576K
Event: 6.604 GC heap after
Heap after GC invocations=9 (full 1):
 PSYoungGen      total 256000K, used 46432K [0x00000000d6e00000, 0x00000000eb300000, 0x0000000100000000)
  eden space 209408K, 0% used [0x00000000d6e00000,0x00000000d6e00000,0x00000000e3a80000)
  from space 46592K, 99% used [0x00000000e8580000,0x00000000eb2d80f0,0x00000000eb300000)
  to   space 57344K, 0% used [0x00000000e4300000,0x00000000e4300000,0x00000000e7b00000)
 ParOldGen       total 129024K, used 65187K [0x0000000084a00000, 0x000000008c800000, 0x00000000d6e00000)
  object space 129024K, 50% used [0x0000000084a00000,0x00000000889a8d68,0x000000008c800000)
 Metaspace       used 14276K, capacity 14458K, committed 14720K, reserved 1062912K
  class space    used 1558K, capacity 1595K, committed 1664K, reserved 1048576K
}
Event: 7.468 GC heap before
{Heap before GC invocations=10 (full 1):
 PSYoungGen      total 256000K, used 255840K [0x00000000d6e00000, 0x00000000eb300000, 0x0000000100000000)
  eden space 209408K, 100% used [0x00000000d6e00000,0x00000000e3a80000,0x00000000e3a80000)
  from space 46592K, 99% used [0x00000000e8580000,0x00000000eb2d80f0,0x00000000eb300000)
  to   space 57344K, 0% used [0x00000000e4300000,0x00000000e4300000,0x00000000e7b00000)
 ParOldGen       total 129024K, used 65187K [0x0000000084a00000, 0x000000008c800000, 0x00000000d6e00000)
  object space 129024K, 50% used [0x0000000084a00000,0x00000000889a8d68,0x000000008c800000)
 Metaspace       used 14278K, capacity 14458K, committed 14720K, reserved 1062912K
  class space    used 1558K, capacity 1595K, committed 1664K, reserved 1048576K
Event: 7.785 GC heap after
Heap after GC invocations=10 (full 1):
 PSYoungGen      total 275456K, used 57312K [0x00000000d6e00000, 0x00000000f3500000, 0x0000000100000000)
  eden space 218112K, 0% used [0x00000000d6e00000,0x00000000d6e00000,0x00000000e4300000)
  from space 57344K, 99% used [0x00000000e4300000,0x00000000e7af8120,0x00000000e7b00000)
  to   space 78336K, 0% used [0x00000000ee880000,0x00000000ee880000,0x00000000f3500000)
 ParOldGen       total 129024K, used 92707K [0x0000000084a00000, 0x000000008c800000, 0x00000000d6e00000)
  object space 129024K, 71% used [0x0000000084a00000,0x000000008a488df8,0x000000008c800000)
 Metaspace       used 14278K, capacity 14458K, committed 14720K, reserved 1062912K
  class space    used 1558K, capacity 1595K, committed 1664K, reserved 1048576K
}
Event: 8.652 GC heap before
{Heap before GC invocations=11 (full 1):
 PSYoungGen      total 275456K, used 275424K [0x00000000d6e00000, 0x00000000f3500000, 0x0000000100000000)
  eden space 218112K, 100% used [0x00000000d6e00000,0x00000000e4300000,0x00000000e4300000)
  from space 57344K, 99% used [0x00000000e4300000,0x00000000e7af8120,0x00000000e7b00000)
  to   space 78336K, 0% used [0x00000000ee880000,0x00000000ee880000,0x00000000f3500000)
 ParOldGen       total 129024K, used 92707K [0x0000000084a00000, 0x000000008c800000, 0x00000000d6e00000)
  object space 129024K, 71% used [0x0000000084a00000,0x000000008a488df8,0x000000008c800000)
 Metaspace       used 14283K, capacity 14458K, committed 14720K, reserved 1062912K
  class space    used 1558K, capacity 1595K, committed 1664K, reserved 1048576K
Event: 9.007 GC heap after
Heap after GC invocations=11 (full 1):
 PSYoungGen      total 370176K, used 78304K [0x00000000d6e00000, 0x00000000f6600000, 0x0000000100000000)
  eden space 291840K, 0% used [0x00000000d6e00000,0x00000000d6e00000,0x00000000e8b00000)
  from space 78336K, 99% used [0x00000000ee880000,0x00000000f34f8180,0x00000000f3500000)
  to   space 95744K, 0% used [0x00000000e8b00000,0x00000000e8b00000,0x00000000ee880000)
 ParOldGen       total 129024K, used 104251K [0x0000000084a00000, 0x000000008c800000, 0x00000000d6e00000)
  object space 129024K, 80% used [0x0000000084a00000,0x000000008afcee38,0x000000008c800000)
 Metaspace       used 14283K, capacity 14458K, committed 14720K, reserved 1062912K
  class space    used 1558K, capacity 1595K, committed 1664K, reserved 1048576K
}
Event: 9.007 GC heap before
{Heap before GC invocations=12 (full 2):
 PSYoungGen      total 370176K, used 78304K [0x00000000d6e00000, 0x00000000f6600000, 0x0000000100000000)
  eden space 291840K, 0% used [0x00000000d6e00000,0x00000000d6e00000,0x00000000e8b00000)
  from space 78336K, 99% used [0x00000000ee880000,0x00000000f34f8180,0x00000000f3500000)
  to   space 95744K, 0% used [0x00000000e8b00000,0x00000000e8b00000,0x00000000ee880000)
 ParOldGen       total 129024K, used 104251K [0x0000000084a00000, 0x000000008c800000, 0x00000000d6e00000)
  object space 129024K, 80% used [0x0000000084a00000,0x000000008afcee38,0x000000008c800000)
 Metaspace       used 14283K, capacity 14458K, committed 14720K, reserved 1062912K
  class space    used 1558K, capacity 1595K, committed 1664K, reserved 1048576K
Event: 9.405 GC heap after
Heap after GC invocations=12 (full 2):
 PSYoungGen      total 370176K, used 0K [0x00000000d6e00000, 0x00000000f6600000, 0x0000000100000000)
  eden space 291840K, 0% used [0x00000000d6e00000,0x00000000d6e00000,0x00000000e8b00000)
  from space 78336K, 0% used [0x00000000ee880000,0x00000000ee880000,0x00000000f3500000)
  to   space 95744K, 0% used [0x00000000e8b00000,0x00000000e8b00000,0x00000000ee880000)
 ParOldGen       total 184832K, used 105222K [0x0000000084a00000, 0x000000008fe80000, 0x00000000d6e00000)
  object space 184832K, 56% used [0x0000000084a00000,0x000000008b0c1b40,0x000000008fe80000)
 Metaspace       used 14283K, capacity 14458K, committed 14720K, reserved 1062912K
  class space    used 1558K, capacity 1595K, committed 1664K, reserved 1048576K
}
Event: 10.611 GC heap before
{Heap before GC invocations=13 (full 2):
 PSYoungGen      total 370176K, used 291840K [0x00000000d6e00000, 0x00000000f6600000, 0x0000000100000000)
  eden space 291840K, 100% used [0x00000000d6e00000,0x00000000e8b00000,0x00000000e8b00000)
  from space 78336K, 0% used [0x00000000ee880000,0x00000000ee880000,0x00000000f3500000)
  to   space 95744K, 0% used [0x00000000e8b00000,0x00000000e8b00000,0x00000000ee880000)
 ParOldGen       total 184832K, used 105222K [0x0000000084a00000, 0x000000008fe80000, 0x00000000d6e00000)
  object space 184832K, 56% used [0x0000000084a00000,0x000000008b0c1b40,0x000000008fe80000)
 Metaspace       used 14295K, capacity 14458K, committed 14720K, reserved 1062912K
  class space    used 1558K, capacity 1595K, committed 1664K, reserved 1048576K

Deoptimization events (10 events):
Event: 4.043 Thread 0x00007f3b1800b800 Uncommon trap: reason=unstable_if action=reinterpret pc=0x00007f3b0986f7c8 method=sun.util.calendar.BaseCalendar.getCalendarDateFromFixedDate(Lsun/util/calendar/CalendarDate;J)V @ 123
Event: 4.078 Thread 0x00007f3b1800b800 Uncommon trap: reason=unstable_if action=reinterpret pc=0x00007f3b098e8aa0 method=sun.util.calendar.BaseCalendar.getCalendarDateFromFixedDate(Lsun/util/calendar/CalendarDate;J)V @ 123
Event: 4.078 Thread 0x00007f3b1800b800 Uncommon trap: reason=unstable_if action=reinterpret pc=0x00007f3b098cd828 method=java.util.TreeMap.put(Ljava/lang/Object;Ljava/lang/Object;)Ljava/lang/Object; @ 6
Event: 4.089 Thread 0x00007f3b1800b800 Uncommon trap: reason=class_check action=maybe_recompile pc=0x00007f3b096e2ec4 method=java.util.regex.Pattern$BmpCharProperty.match(Ljava/util/regex/Matcher;ILjava/lang/CharSequence;)Z @ 31
Event: 4.089 Thread 0x00007f3b1800b800 Uncommon trap: reason=class_check action=maybe_recompile pc=0x00007f3b096e2ec4 method=java.util.regex.Pattern$BmpCharProperty.match(Ljava/util/regex/Matcher;ILjava/lang/CharSequence;)Z @ 31
Event: 4.090 Thread 0x00007f3b1800b800 Uncommon trap: reason=class_check action=maybe_recompile pc=0x00007f3b096e2ec4 method=java.util.regex.Pattern$BmpCharProperty.match(Ljava/util/regex/Matcher;ILjava/lang/CharSequence;)Z @ 31
Event: 4.090 Thread 0x00007f3b1800b800 Uncommon trap: reason=class_check action=maybe_recompile pc=0x00007f3b096e2ec4 method=java.util.regex.Pattern$BmpCharProperty.match(Ljava/util/regex/Matcher;ILjava/lang/CharSequence;)Z @ 31
Event: 4.213 Thread 0x00007f3b1800b800 Uncommon trap: reason=unstable_if action=reinterpret pc=0x00007f3b0992fbb8 method=sun.util.calendar.BaseCalendar.getFixedDate(IIILsun/util/calendar/BaseCalendar$Date;)J @ 103
Event: 4.213 Thread 0x00007f3b1800b800 Uncommon trap: reason=unstable_if action=reinterpret pc=0x00007f3b0986e0fc method=sun.util.calendar.BaseCalendar.getFixedDate(IIILsun/util/calendar/BaseCalendar$Date;)J @ 103
Event: 4.286 Thread 0x00007f3b1800b800 Uncommon trap: reason=unstable_if action=reinterpret pc=0x00007f3b098f0cf0 method=java.io.File.getParent()Ljava/lang/String; @ 16

Internal exceptions (9 events):
Event: 0.193 Thread 0x00007f3b1800b800 Exception <a 'java/lang/NoSuchMethodError': Method sun.misc.Unsafe.defineClass(Ljava/lang/String;[BII)Ljava/lang/Class; name or signature does not match> (0x00000000d6e12bf0) thrown at [/HUDSON/workspace/8-2-build-linux-amd64/jdk8u71/5731/hotspot/src/shar
Event: 0.193 Thread 0x00007f3b1800b800 Exception <a 'java/lang/NoSuchMethodError': Method sun.misc.Unsafe.prefetchRead(Ljava/lang/Object;J)V name or signature does not match> (0x00000000d6e12ed8) thrown at [/HUDSON/workspace/8-2-build-linux-amd64/jdk8u71/5731/hotspot/src/share/vm/prims/jni.cpp
Event: 0.455 Thread 0x00007f3b1800b800 Exception <a 'java/security/PrivilegedActionException'> (0x00000000d7100888) thrown at [/HUDSON/workspace/8-2-build-linux-amd64/jdk8u71/5731/hotspot/src/share/vm/prims/jvm.cpp, line 1386]
Event: 0.455 Thread 0x00007f3b1800b800 Exception <a 'java/security/PrivilegedActionException'> (0x00000000d7100a98) thrown at [/HUDSON/workspace/8-2-build-linux-amd64/jdk8u71/5731/hotspot/src/share/vm/prims/jvm.cpp, line 1386]
Event: 0.455 Thread 0x00007f3b1800b800 Exception <a 'java/security/PrivilegedActionException'> (0x00000000d7102e00) thrown at [/HUDSON/workspace/8-2-build-linux-amd64/jdk8u71/5731/hotspot/src/share/vm/prims/jvm.cpp, line 1386]
Event: 0.455 Thread 0x00007f3b1800b800 Exception <a 'java/security/PrivilegedActionException'> (0x00000000d7103010) thrown at [/HUDSON/workspace/8-2-build-linux-amd64/jdk8u71/5731/hotspot/src/share/vm/prims/jvm.cpp, line 1386]
Event: 1.008 Thread 0x00007f3b1800b800 Exception <a 'java/io/FileNotFoundException'> (0x00000000d791e060) thrown at [/HUDSON/workspace/8-2-build-linux-amd64/jdk8u71/5731/hotspot/src/share/vm/prims/jni.cpp, line 709]
Event: 1.789 Thread 0x00007f3b1800b800 Exception <a 'java/io/FileNotFoundException'> (0x00000000d745c738) thrown at [/HUDSON/workspace/8-2-build-linux-amd64/jdk8u71/5731/hotspot/src/share/vm/prims/jni.cpp, line 709]
Event: 1.790 Thread 0x00007f3b1800b800 Exception <a 'java/io/FileNotFoundException'> (0x00000000d7492f78) thrown at [/HUDSON/workspace/8-2-build-linux-amd64/jdk8u71/5731/hotspot/src/share/vm/prims/jni.cpp, line 709]

Events (10 events):
Event: 7.785 Executing VM operation: ParallelGCFailedAllocation done
Event: 8.652 Executing VM operation: ParallelGCFailedAllocation
Event: 9.405 Executing VM operation: ParallelGCFailedAllocation done
Event: 9.405 Thread 0x00007f3b180bf800 flushing nmethod 0x00007f3b090ff010
Event: 9.405 Thread 0x00007f3b180bf800 flushing nmethod 0x00007f3b0910ed50
Event: 9.405 Thread 0x00007f3b180bf800 flushing nmethod 0x00007f3b09115150
Event: 9.405 Thread 0x00007f3b180bf800 flushing nmethod 0x00007f3b09115810
Event: 9.405 Thread 0x00007f3b180bf800 flushing nmethod 0x00007f3b09125c10
Event: 9.405 Thread 0x00007f3b180bf800 flushing nmethod 0x00007f3b0912c110
Event: 10.611 Executing VM operation: ParallelGCFailedAllocation


Dynamic libraries:
00400000-00401000 r-xp 00000000 08:01 46149673                           /usr/lib/jvm/jdk1.8.0_71/bin/java
00600000-00601000 rw-p 00000000 08:01 46149673                           /usr/lib/jvm/jdk1.8.0_71/bin/java
00973000-00994000 rw-p 00000000 00:00 0                                  [heap]
84a00000-8fe80000 rw-p 00000000 00:00 0 
8fe80000-d6e00000 ---p 00000000 00:00 0 
d6e00000-f6600000 rw-p 00000000 00:00 0 
fee80000-100000000 ---p 00000000 00:00 0 
100000000-1001a0000 rw-p 00000000 00:00 0 
1001a0000-140000000 ---p 00000000 00:00 0 
7f3acc000000-7f3acc021000 rw-p 00000000 00:00 0 
7f3acc021000-7f3ad0000000 ---p 00000000 00:00 0 
7f3ad0000000-7f3ad0021000 rw-p 00000000 00:00 0 
7f3ad0021000-7f3ad4000000 ---p 00000000 00:00 0 
7f3ad4000000-7f3ad4830000 rw-p 00000000 00:00 0 
7f3ad4830000-7f3ad8000000 ---p 00000000 00:00 0 
7f3ad8000000-7f3ad885c000 rw-p 00000000 00:00 0 
7f3ad885c000-7f3adc000000 ---p 00000000 00:00 0 
7f3adc000000-7f3adc021000 rw-p 00000000 00:00 0 
7f3adc021000-7f3ae0000000 ---p 00000000 00:00 0 
7f3ae0000000-7f3ae08f5000 rw-p 00000000 00:00 0 
7f3ae08f5000-7f3ae4000000 ---p 00000000 00:00 0 
7f3ae4000000-7f3ae4021000 rw-p 00000000 00:00 0 
7f3ae4021000-7f3ae8000000 ---p 00000000 00:00 0 
7f3ae8000000-7f3ae8021000 rw-p 00000000 00:00 0 
7f3ae8021000-7f3aec000000 ---p 00000000 00:00 0 
7f3aec000000-7f3aec021000 rw-p 00000000 00:00 0 
7f3aec021000-7f3af0000000 ---p 00000000 00:00 0 
7f3af0000000-7f3af02c7000 rw-p 00000000 00:00 0 
7f3af02c7000-7f3af4000000 ---p 00000000 00:00 0 
7f3af4000000-7f3af4021000 rw-p 00000000 00:00 0 
7f3af4021000-7f3af8000000 ---p 00000000 00:00 0 
7f3afb7ef000-7f3afb800000 r-xp 00000000 08:01 46015908                   /usr/lib/jvm/jdk1.8.0_71/jre/lib/amd64/libnio.so
7f3afb800000-7f3afb9ff000 ---p 00011000 08:01 46015908                   /usr/lib/jvm/jdk1.8.0_71/jre/lib/amd64/libnio.so
7f3afb9ff000-7f3afba00000 rw-p 00010000 08:01 46015908                   /usr/lib/jvm/jdk1.8.0_71/jre/lib/amd64/libnio.so
7f3afba00000-7f3afbac0000 rw-p 00000000 00:00 0 
7f3afbac0000-7f3afbc00000 ---p 00000000 00:00 0 
7f3afbc00000-7f3afbe00000 rw-p 00000000 00:00 0 
7f3afbe00000-7f3afc000000 rw-p 00000000 00:00 0 
7f3afc000000-7f3afc021000 rw-p 00000000 00:00 0 
7f3afc021000-7f3b00000000 ---p 00000000 00:00 0 
7f3b00039000-7f3b0004f000 r-xp 00000000 08:01 46015919                   /usr/lib/jvm/jdk1.8.0_71/jre/lib/amd64/libnet.so
7f3b0004f000-7f3b0024f000 ---p 00016000 08:01 46015919                   /usr/lib/jvm/jdk1.8.0_71/jre/lib/amd64/libnet.so
7f3b0024f000-7f3b00250000 rw-p 00016000 08:01 46015919                   /usr/lib/jvm/jdk1.8.0_71/jre/lib/amd64/libnet.so
7f3b00250000-7f3b04000000 rw-p 00000000 00:00 0 
7f3b04000000-7f3b04021000 rw-p 00000000 00:00 0 
7f3b04021000-7f3b08000000 ---p 00000000 00:00 0 
7f3b08193000-7f3b081b9000 r--p 00000000 08:01 46533101                   /usr/share/locale-langpack/es/LC_MESSAGES/libc.mo
7f3b081b9000-7f3b081ba000 ---p 00000000 00:00 0 
7f3b081ba000-7f3b082ba000 rw-p 00000000 00:00 0                          [stack:14176]
7f3b082ba000-7f3b082bd000 ---p 00000000 00:00 0 
7f3b082bd000-7f3b083bb000 rw-p 00000000 00:00 0                          [stack:14175]
7f3b083bb000-7f3b083be000 ---p 00000000 00:00 0 
7f3b083be000-7f3b084bc000 rw-p 00000000 00:00 0                          [stack:14174]
7f3b084bc000-7f3b084bf000 ---p 00000000 00:00 0 
7f3b084bf000-7f3b085bd000 rw-p 00000000 00:00 0                          [stack:14173]
7f3b085bd000-7f3b085c0000 ---p 00000000 00:00 0 
7f3b085c0000-7f3b086be000 rw-p 00000000 00:00 0                          [stack:14172]
7f3b086be000-7f3b086c1000 ---p 00000000 00:00 0 
7f3b086c1000-7f3b087bf000 rw-p 00000000 00:00 0                          [stack:14171]
7f3b087bf000-7f3b08cfd000 r--p 00000000 08:01 44830952                   /usr/lib/locale/locale-archive
7f3b08cfd000-7f3b08d00000 ---p 00000000 00:00 0 
7f3b08d00000-7f3b08dfe000 rw-p 00000000 00:00 0                          [stack:14170]
7f3b08dfe000-7f3b08e01000 ---p 00000000 00:00 0 
7f3b08e01000-7f3b08eff000 rw-p 00000000 00:00 0                          [stack:14169]
7f3b08eff000-7f3b08f00000 ---p 00000000 00:00 0 
7f3b08f00000-7f3b09000000 rw-p 00000000 00:00 0                          [stack:14168]
7f3b09000000-7f3b09a00000 rwxp 00000000 00:00 0 
7f3b09a00000-7f3b18000000 ---p 00000000 00:00 0 
7f3b18000000-7f3b18656000 rw-p 00000000 00:00 0 
7f3b18656000-7f3b1c000000 ---p 00000000 00:00 0 
7f3b1c003000-7f3b1c004000 rw-p 00000000 00:00 0 
7f3b1c004000-7f3b1c00b000 r--s 00000000 08:01 44964718                   /usr/lib/x86_64-linux-gnu/gconv/gconv-modules.cache
7f3b1c00b000-7f3b1c015000 r--s 00116000 08:01 46149601                   /usr/lib/jvm/jdk1.8.0_71/jre/lib/ext/localedata.jar
7f3b1c015000-7f3b1c031000 r--s 00393000 08:01 46149593                   /usr/lib/jvm/jdk1.8.0_71/jre/lib/ext/cldrdata.jar
7f3b1c031000-7f3b1c046000 r--s 00266000 08:01 4456951                    /opt/eclipse/plugins/org.eclipse.swt.gtk.linux.x86_64_3.103.2.v20150203-1351.jar
7f3b1c046000-7f3b1c0be000 r--s 010e3000 08:01 44839461                   /usr/lib/jvm/jdk1.8.0_71/lib/tools.jar
7f3b1c0be000-7f3b1c0dc000 r--s 001cb000 08:01 4458311                    /opt/eclipse/plugins/org.apache.ant_1.9.2.v201404171502/lib/ant.jar
7f3b1c0dc000-7f3b1d0be000 rw-p 00000000 00:00 0 
7f3b1d0be000-7f3b1d296000 r--s 03d23000 08:01 45752663                   /usr/lib/jvm/jdk1.8.0_71/jre/lib/rt.jar
7f3b1d296000-7f3b1dee7000 rw-p 00000000 00:00 0 
7f3b1dee7000-7f3b1dee8000 ---p 00000000 00:00 0 
7f3b1dee8000-7f3b1dfe8000 rw-p 00000000 00:00 0                          [stack:14167]
7f3b1dfe8000-7f3b1dfe9000 ---p 00000000 00:00 0 
7f3b1dfe9000-7f3b1e0e9000 rw-p 00000000 00:00 0                          [stack:14166]
7f3b1e0e9000-7f3b1e0ea000 ---p 00000000 00:00 0 
7f3b1e0ea000-7f3b1e1ea000 rw-p 00000000 00:00 0                          [stack:14165]
7f3b1e1ea000-7f3b1e1eb000 ---p 00000000 00:00 0 
7f3b1e1eb000-7f3b1e346000 rw-p 00000000 00:00 0                          [stack:14164]
7f3b1e346000-7f3b1e57d000 ---p 00000000 00:00 0 
7f3b1e57d000-7f3b1e5d8000 rw-p 00000000 00:00 0 
7f3b1e5d8000-7f3b1e80f000 ---p 00000000 00:00 0 
7f3b1e80f000-7f3b1e90b000 rw-p 00000000 00:00 0 
7f3b1e90b000-7f3b1e958000 ---p 00000000 00:00 0 
7f3b1e958000-7f3b1e981000 rw-p 00000000 00:00 0 
7f3b1e981000-7f3b1ed19000 ---p 00000000 00:00 0 
7f3b1ed19000-7f3b1ed33000 r-xp 00000000 08:01 46015877                   /usr/lib/jvm/jdk1.8.0_71/jre/lib/amd64/libzip.so
7f3b1ed33000-7f3b1ef33000 ---p 0001a000 08:01 46015877                   /usr/lib/jvm/jdk1.8.0_71/jre/lib/amd64/libzip.so
7f3b1ef33000-7f3b1ef34000 rw-p 0001a000 08:01 46015877                   /usr/lib/jvm/jdk1.8.0_71/jre/lib/amd64/libzip.so
7f3b1ef34000-7f3b1ef3f000 r-xp 00000000 08:01 50600035                   /lib/x86_64-linux-gnu/libnss_files-2.19.so
7f3b1ef3f000-7f3b1f13e000 ---p 0000b000 08:01 50600035                   /lib/x86_64-linux-gnu/libnss_files-2.19.so
7f3b1f13e000-7f3b1f13f000 r--p 0000a000 08:01 50600035                   /lib/x86_64-linux-gnu/libnss_files-2.19.so
7f3b1f13f000-7f3b1f140000 rw-p 0000b000 08:01 50600035                   /lib/x86_64-linux-gnu/libnss_files-2.19.so
7f3b1f140000-7f3b1f14b000 r-xp 00000000 08:01 50600027                   /lib/x86_64-linux-gnu/libnss_nis-2.19.so
7f3b1f14b000-7f3b1f34a000 ---p 0000b000 08:01 50600027                   /lib/x86_64-linux-gnu/libnss_nis-2.19.so
7f3b1f34a000-7f3b1f34b000 r--p 0000a000 08:01 50600027                   /lib/x86_64-linux-gnu/libnss_nis-2.19.so
7f3b1f34b000-7f3b1f34c000 rw-p 0000b000 08:01 50600027                   /lib/x86_64-linux-gnu/libnss_nis-2.19.so
7f3b1f34c000-7f3b1f363000 r-xp 00000000 08:01 50600023                   /lib/x86_64-linux-gnu/libnsl-2.19.so
7f3b1f363000-7f3b1f562000 ---p 00017000 08:01 50600023                   /lib/x86_64-linux-gnu/libnsl-2.19.so
7f3b1f562000-7f3b1f563000 r--p 00016000 08:01 50600023                   /lib/x86_64-linux-gnu/libnsl-2.19.so
7f3b1f563000-7f3b1f564000 rw-p 00017000 08:01 50600023                   /lib/x86_64-linux-gnu/libnsl-2.19.so
7f3b1f564000-7f3b1f566000 rw-p 00000000 00:00 0 
7f3b1f566000-7f3b1f56f000 r-xp 00000000 08:01 50600015                   /lib/x86_64-linux-gnu/libnss_compat-2.19.so
7f3b1f56f000-7f3b1f76e000 ---p 00009000 08:01 50600015                   /lib/x86_64-linux-gnu/libnss_compat-2.19.so
7f3b1f76e000-7f3b1f76f000 r--p 00008000 08:01 50600015                   /lib/x86_64-linux-gnu/libnss_compat-2.19.so
7f3b1f76f000-7f3b1f770000 rw-p 00009000 08:01 50600015                   /lib/x86_64-linux-gnu/libnss_compat-2.19.so
7f3b1f770000-7f3b1f79a000 r-xp 00000000 08:01 46015915                   /usr/lib/jvm/jdk1.8.0_71/jre/lib/amd64/libjava.so
7f3b1f79a000-7f3b1f99a000 ---p 0002a000 08:01 46015915                   /usr/lib/jvm/jdk1.8.0_71/jre/lib/amd64/libjava.so
7f3b1f99a000-7f3b1f99c000 rw-p 0002a000 08:01 46015915                   /usr/lib/jvm/jdk1.8.0_71/jre/lib/amd64/libjava.so
7f3b1f99c000-7f3b1f9a9000 r-xp 00000000 08:01 46015885                   /usr/lib/jvm/jdk1.8.0_71/jre/lib/amd64/libverify.so
7f3b1f9a9000-7f3b1fba9000 ---p 0000d000 08:01 46015885                   /usr/lib/jvm/jdk1.8.0_71/jre/lib/amd64/libverify.so
7f3b1fba9000-7f3b1fbab000 rw-p 0000d000 08:01 46015885                   /usr/lib/jvm/jdk1.8.0_71/jre/lib/amd64/libverify.so
7f3b1fbab000-7f3b1fbb2000 r-xp 00000000 08:01 50600031                   /lib/x86_64-linux-gnu/librt-2.19.so
7f3b1fbb2000-7f3b1fdb1000 ---p 00007000 08:01 50600031                   /lib/x86_64-linux-gnu/librt-2.19.so
7f3b1fdb1000-7f3b1fdb2000 r--p 00006000 08:01 50600031                   /lib/x86_64-linux-gnu/librt-2.19.so
7f3b1fdb2000-7f3b1fdb3000 rw-p 00007000 08:01 50600031                   /lib/x86_64-linux-gnu/librt-2.19.so
7f3b1fdb3000-7f3b1feb8000 r-xp 00000000 08:01 50597822                   /lib/x86_64-linux-gnu/libm-2.19.so
7f3b1feb8000-7f3b200b7000 ---p 00105000 08:01 50597822                   /lib/x86_64-linux-gnu/libm-2.19.so
7f3b200b7000-7f3b200b8000 r--p 00104000 08:01 50597822                   /lib/x86_64-linux-gnu/libm-2.19.so
7f3b200b8000-7f3b200b9000 rw-p 00105000 08:01 50597822                   /lib/x86_64-linux-gnu/libm-2.19.so
7f3b200b9000-7f3b20d78000 r-xp 00000000 08:01 46015912                   /usr/lib/jvm/jdk1.8.0_71/jre/lib/amd64/server/libjvm.so
7f3b20d78000-7f3b20f77000 ---p 00cbf000 08:01 46015912                   /usr/lib/jvm/jdk1.8.0_71/jre/lib/amd64/server/libjvm.so
7f3b20f77000-7f3b21050000 rw-p 00cbe000 08:01 46015912                   /usr/lib/jvm/jdk1.8.0_71/jre/lib/amd64/server/libjvm.so
7f3b21050000-7f3b21099000 rw-p 00000000 00:00 0 
7f3b21099000-7f3b21254000 r-xp 00000000 08:01 50600032                   /lib/x86_64-linux-gnu/libc-2.19.so
7f3b21254000-7f3b21453000 ---p 001bb000 08:01 50600032                   /lib/x86_64-linux-gnu/libc-2.19.so
7f3b21453000-7f3b21457000 r--p 001ba000 08:01 50600032                   /lib/x86_64-linux-gnu/libc-2.19.so
7f3b21457000-7f3b21459000 rw-p 001be000 08:01 50600032                   /lib/x86_64-linux-gnu/libc-2.19.so
7f3b21459000-7f3b2145e000 rw-p 00000000 00:00 0 
7f3b2145e000-7f3b21461000 r-xp 00000000 08:01 50597936                   /lib/x86_64-linux-gnu/libdl-2.19.so
7f3b21461000-7f3b21660000 ---p 00003000 08:01 50597936                   /lib/x86_64-linux-gnu/libdl-2.19.so
7f3b21660000-7f3b21661000 r--p 00002000 08:01 50597936                   /lib/x86_64-linux-gnu/libdl-2.19.so
7f3b21661000-7f3b21662000 rw-p 00003000 08:01 50597936                   /lib/x86_64-linux-gnu/libdl-2.19.so
7f3b21662000-7f3b21677000 r-xp 00000000 08:01 44839459                   /usr/lib/jvm/jdk1.8.0_71/lib/amd64/jli/libjli.so
7f3b21677000-7f3b21877000 ---p 00015000 08:01 44839459                   /usr/lib/jvm/jdk1.8.0_71/lib/amd64/jli/libjli.so
7f3b21877000-7f3b21878000 rw-p 00015000 08:01 44839459                   /usr/lib/jvm/jdk1.8.0_71/lib/amd64/jli/libjli.so
7f3b21878000-7f3b21891000 r-xp 00000000 08:01 50600024                   /lib/x86_64-linux-gnu/libpthread-2.19.so
7f3b21891000-7f3b21a90000 ---p 00019000 08:01 50600024                   /lib/x86_64-linux-gnu/libpthread-2.19.so
7f3b21a90000-7f3b21a91000 r--p 00018000 08:01 50600024                   /lib/x86_64-linux-gnu/libpthread-2.19.so
7f3b21a91000-7f3b21a92000 rw-p 00019000 08:01 50600024                   /lib/x86_64-linux-gnu/libpthread-2.19.so
7f3b21a92000-7f3b21a96000 rw-p 00000000 00:00 0 
7f3b21a96000-7f3b21ab9000 r-xp 00000000 08:01 50600025                   /lib/x86_64-linux-gnu/ld-2.19.so
7f3b21ab9000-7f3b21aba000 r--s 00002000 08:01 19272799                   /home/senrigan/.eclipse/org.eclipse.platform_4.4.2_1473617060_linux_gtk_x86_64/configuration/org.eclipse.osgi/65/0/.cp/lib/remoteAnt.jar
7f3b21aba000-7f3b21abc000 r--s 00009000 08:01 19272793                   /home/senrigan/.eclipse/org.eclipse.platform_4.4.2_1473617060_linux_gtk_x86_64/configuration/org.eclipse.osgi/64/0/.cp/lib/remote.jar
7f3b21abc000-7f3b21abe000 r--s 00001000 08:01 19272792                   /home/senrigan/.eclipse/org.eclipse.platform_4.4.2_1473617060_linux_gtk_x86_64/configuration/org.eclipse.osgi/64/0/.cp/lib/antdebug.jar
7f3b21abe000-7f3b21ac0000 r--s 00004000 08:01 4458305                    /opt/eclipse/plugins/org.apache.ant_1.9.2.v201404171502/lib/ant-testutil.jar
7f3b21ac0000-7f3b21ac2000 r--s 00002000 08:01 4458300                    /opt/eclipse/plugins/org.apache.ant_1.9.2.v201404171502/lib/ant-swing.jar
7f3b21ac2000-7f3b21ac3000 r--s 00003000 08:01 4458308                    /opt/eclipse/plugins/org.apache.ant_1.9.2.v201404171502/lib/ant-netrexx.jar
7f3b21ac3000-7f3b21ac4000 r--s 00004000 08:01 4458297                    /opt/eclipse/plugins/org.apache.ant_1.9.2.v201404171502/lib/ant-launcher.jar
7f3b21ac4000-7f3b21b8f000 rw-p 00000000 00:00 0 
7f3b21b8f000-7f3b21b92000 ---p 00000000 00:00 0 
7f3b21b92000-7f3b21c94000 rw-p 00000000 00:00 0                          [stack:14163]
7f3b21c94000-7f3b21c96000 r--s 00002000 08:01 4458306                    /opt/eclipse/plugins/org.apache.ant_1.9.2.v201404171502/lib/ant-junit4.jar
7f3b21c96000-7f3b21c99000 r--s 00019000 08:01 4458309                    /opt/eclipse/plugins/org.apache.ant_1.9.2.v201404171502/lib/ant-junit.jar
7f3b21c99000-7f3b21c9b000 r--s 0000a000 08:01 4458301                    /opt/eclipse/plugins/org.apache.ant_1.9.2.v201404171502/lib/ant-jsch.jar
7f3b21c9b000-7f3b21c9c000 r--s 00002000 08:01 4458293                    /opt/eclipse/plugins/org.apache.ant_1.9.2.v201404171502/lib/ant-jmf.jar
7f3b21c9c000-7f3b21c9d000 r--s 00003000 08:01 4458292                    /opt/eclipse/plugins/org.apache.ant_1.9.2.v201404171502/lib/ant-jdepend.jar
7f3b21c9d000-7f3b21c9e000 r--s 00003000 08:01 4458294                    /opt/eclipse/plugins/org.apache.ant_1.9.2.v201404171502/lib/ant-javamail.jar
7f3b21c9e000-7f3b21c9f000 r--s 00006000 08:01 4458296                    /opt/eclipse/plugins/org.apache.ant_1.9.2.v201404171502/lib/ant-jai.jar
7f3b21c9f000-7f3b21ca2000 r--s 00014000 08:01 4458304                    /opt/eclipse/plugins/org.apache.ant_1.9.2.v201404171502/lib/ant-commons-net.jar
7f3b21ca2000-7f3b21ca3000 r--s 00002000 08:01 4458303                    /opt/eclipse/plugins/org.apache.ant_1.9.2.v201404171502/lib/ant-commons-logging.jar
7f3b21ca3000-7f3b21ca4000 r--s 00001000 08:01 4458290                    /opt/eclipse/plugins/org.apache.ant_1.9.2.v201404171502/lib/ant-apache-xalan2.jar
7f3b21ca4000-7f3b21ca5000 r--s 00002000 08:01 4458298                    /opt/eclipse/plugins/org.apache.ant_1.9.2.v201404171502/lib/ant-apache-resolver.jar
7f3b21ca5000-7f3b21ca6000 r--s 00002000 08:01 4458310                    /opt/eclipse/plugins/org.apache.ant_1.9.2.v201404171502/lib/ant-apache-regexp.jar
7f3b21ca6000-7f3b21ca7000 r--s 00002000 08:01 4458307                    /opt/eclipse/plugins/org.apache.ant_1.9.2.v201404171502/lib/ant-apache-oro.jar
7f3b21ca7000-7f3b21ca9000 r--s 00001000 08:01 4458291                    /opt/eclipse/plugins/org.apache.ant_1.9.2.v201404171502/lib/ant-apache-log4j.jar
7f3b21ca9000-7f3b21caa000 r--s 00002000 08:01 4458302                    /opt/eclipse/plugins/org.apache.ant_1.9.2.v201404171502/lib/ant-apache-bsf.jar
7f3b21caa000-7f3b21cab000 r--s 00003000 08:01 4458299                    /opt/eclipse/plugins/org.apache.ant_1.9.2.v201404171502/lib/ant-apache-bcel.jar
7f3b21cab000-7f3b21cac000 r--s 00002000 08:01 4458295                    /opt/eclipse/plugins/org.apache.ant_1.9.2.v201404171502/lib/ant-antlr.jar
7f3b21cac000-7f3b21cb4000 rw-s 00000000 08:01 41944304                   /tmp/hsperfdata_senrigan/14161
7f3b21cb4000-7f3b21cb5000 rw-p 00000000 00:00 0 
7f3b21cb5000-7f3b21cb6000 ---p 00000000 00:00 0 
7f3b21cb6000-7f3b21cb8000 rw-p 00000000 00:00 0 
7f3b21cb8000-7f3b21cb9000 r--p 00022000 08:01 50600025                   /lib/x86_64-linux-gnu/ld-2.19.so
7f3b21cb9000-7f3b21cba000 rw-p 00023000 08:01 50600025                   /lib/x86_64-linux-gnu/ld-2.19.so
7f3b21cba000-7f3b21cbb000 rw-p 00000000 00:00 0 
7ffdc61ef000-7ffdc6211000 rw-p 00000000 00:00 0                          [stack]
7ffdc637b000-7ffdc637d000 r-xp 00000000 00:00 0                          [vdso]
7ffdc637d000-7ffdc637f000 r--p 00000000 00:00 0                          [vvar]
ffffffffff600000-ffffffffff601000 r-xp 00000000 00:00 0                  [vsyscall]

VM Arguments:
jvm_args: -Dant.home=/opt/eclipse/plugins/org.apache.ant_1.9.2.v201404171502 -Dant.library.dir=/opt/eclipse/plugins/org.apache.ant_1.9.2.v201404171502/lib -Djava.library.path=/usr/java/packages/lib/amd64:/usr/lib64:/lib64:/lib:/usr/lib:/home/senrigan/.eclipse/org.eclipse.platform_4.4.2_1473617060_linux_gtk_x86_64/configuration/org.eclipse.osgi/673/0/.cp -Dfile.encoding=UTF-8 
java_command: org.eclipse.ant.internal.launching.remote.InternalAntRunner -Dorg.eclipse.ant.core.ANT_PROCESS_ID=1457222037536 -Declipse.connect.port=46798 -Declipse.pdebuild.home=/opt/eclipse/plugins/org.eclipse.pde.build_3.9.0.v20140415-2029/.// -Declipse.pdebuild.scripts=/opt/eclipse/plugins/org.eclipse.pde.build_3.9.0.v20140415-2029/scripts// -Declipse.pdebuild.templates=/opt/eclipse/plugins/org.eclipse.pde.build_3.9.0.v20140415-2029/templates// -Dant.home=/opt/eclipse/plugins/org.apache.ant_1.9.2.v201404171502 -logger org.eclipse.ant.internal.launching.remote.logger.RemoteAntBuildLogger -inputhandler org.eclipse.ant.internal.ui.antsupport.inputhandler.ProxyInputHandler -buildfile /home/senrigan/Documents/wnms/robot/robot/RobotManager/build.xml
java_class_path (initial): /opt/eclipse/plugins/org.apache.ant_1.9.2.v201404171502/lib/ant-antlr.jar:/opt/eclipse/plugins/org.apache.ant_1.9.2.v201404171502/lib/ant-apache-bcel.jar:/opt/eclipse/plugins/org.apache.ant_1.9.2.v201404171502/lib/ant-apache-bsf.jar:/opt/eclipse/plugins/org.apache.ant_1.9.2.v201404171502/lib/ant-apache-log4j.jar:/opt/eclipse/plugins/org.apache.ant_1.9.2.v201404171502/lib/ant-apache-oro.jar:/opt/eclipse/plugins/org.apache.ant_1.9.2.v201404171502/lib/ant-apache-regexp.jar:/opt/eclipse/plugins/org.apache.ant_1.9.2.v201404171502/lib/ant-apache-resolver.jar:/opt/eclipse/plugins/org.apache.ant_1.9.2.v201404171502/lib/ant-apache-xalan2.jar:/opt/eclipse/plugins/org.apache.ant_1.9.2.v201404171502/lib/ant-commons-logging.jar:/opt/eclipse/plugins/org.apache.ant_1.9.2.v201404171502/lib/ant-commons-net.jar:/opt/eclipse/plugins/org.apache.ant_1.9.2.v201404171502/lib/ant-jai.jar:/opt/eclipse/plugins/org.apache.ant_1.9.2.v201404171502/lib/ant-javamail.jar:/opt/eclipse/plugins/org.apache.ant_1.9.2.v201404171502/lib/ant-jdepend.jar:/opt/eclipse/plugins/org.apache.ant_1.9.2.v201404171502/lib/ant-jmf.jar:/opt/eclipse/plugins/org.apache.ant_1.9.2.v201404171502/lib/ant-jsch.jar:/opt/eclipse/plugins/org.apache.ant_1.9.2.v201404171502/lib/ant-junit.jar:/opt/eclipse/plugins/org.apache.ant_1.9.2.v201404171502/lib/ant-junit4.jar:/opt/eclipse/plugins/org.apache.ant_1.9.2.v201404171502/lib/ant-launcher.jar:/opt/eclipse/plugins/org.apache.ant_1.9.2.v201404171502/lib/ant-netrexx.jar:/opt/eclipse/plugins/org.apache.ant_1.9.2.v201404171502/lib/ant-swing.jar:/opt/eclipse/plugins/org.apache.ant_1.9.2.v201404171502/lib/ant-testutil.jar:/opt/eclipse/plugins/org.apache.ant_1.9.2.v201404171502/lib/ant.jar:/home/senrigan/.eclipse/org.eclipse.platform_4.4.2_1473617060_linux_gtk_x86_64/configuration/org.eclipse.osgi/64/0/.cp/lib/antdebug.jar:/home/senrigan/.eclipse/org.eclipse.platform_4.4.2_1473617060_linux_gtk_x86_64/configuration/org.eclipse.osgi/64/0/.cp/lib/remote.jar:/home
Launcher Type: SUN_STANDARD

Environment Variables:
JAVA_HOME=/usr/lib/jvm/java-6-oracle
PATH=/usr/local/sbin:/usr/local/bin:/usr/sbin:/usr/bin:/sbin:/bin:/usr/games:/usr/local/games
SHELL=/bin/bash
DISPLAY=:0

Signal Handlers:
SIGSEGV: [libjvm.so+0xabafa0], sa_mask[0]=11111111011111111101111111111110, sa_flags=SA_RESTART|SA_SIGINFO
SIGBUS: [libjvm.so+0xabafa0], sa_mask[0]=11111111011111111101111111111110, sa_flags=SA_RESTART|SA_SIGINFO
SIGFPE: [libjvm.so+0x9183c0], sa_mask[0]=11111111011111111101111111111110, sa_flags=SA_RESTART|SA_SIGINFO
SIGPIPE: [libjvm.so+0x9183c0], sa_mask[0]=11111111011111111101111111111110, sa_flags=SA_RESTART|SA_SIGINFO
SIGXFSZ: [libjvm.so+0x9183c0], sa_mask[0]=11111111011111111101111111111110, sa_flags=SA_RESTART|SA_SIGINFO
SIGILL: [libjvm.so+0x9183c0], sa_mask[0]=11111111011111111101111111111110, sa_flags=SA_RESTART|SA_SIGINFO
SIGUSR1: SIG_DFL, sa_mask[0]=00000000000000000000000000000000, sa_flags=none
SIGUSR2: [libjvm.so+0x9199f0], sa_mask[0]=00100000000000000000000000000000, sa_flags=SA_RESTART|SA_SIGINFO
SIGHUP: [libjvm.so+0x91adf0], sa_mask[0]=11111111011111111101111111111110, sa_flags=SA_RESTART|SA_SIGINFO
SIGINT: [libjvm.so+0x91adf0], sa_mask[0]=11111111011111111101111111111110, sa_flags=SA_RESTART|SA_SIGINFO
SIGTERM: [libjvm.so+0x91adf0], sa_mask[0]=11111111011111111101111111111110, sa_flags=SA_RESTART|SA_SIGINFO
SIGQUIT: [libjvm.so+0x91adf0], sa_mask[0]=11111111011111111101111111111110, sa_flags=SA_RESTART|SA_SIGINFO


---------------  S Y S T E M  ---------------

OS:DISTRIB_ID="elementary OS"
DISTRIB_RELEASE=0.3.2
DISTRIB_CODENAME=freya
DISTRIB_DESCRIPTION="elementary OS Freya"

uname:Linux 3.16.0-62-generic #83~14.04.1-Ubuntu SMP Fri Feb 26 22:52:39 UTC 2016 x86_64
libc:glibc 2.19 NPTL 2.19 
rlimit: STACK 8192k, CORE 0k, NPROC 31443, NOFILE 4096, AS infinity
load average:1.47 1.28 1.19

/proc/meminfo:
MemTotal:        8079728 kB
MemFree:          137280 kB
MemAvailable:     114144 kB
Buffers:            1928 kB
Cached:           728404 kB
SwapCached:            0 kB
Active:          4916880 kB
Inactive:         595816 kB
Active(anon):    4876952 kB
Inactive(anon):   552936 kB
Active(file):      39928 kB
Inactive(file):    42880 kB
Unevictable:         312 kB
Mlocked:             312 kB
SwapTotal:             0 kB
SwapFree:              0 kB
Dirty:               100 kB
Writeback:             0 kB
AnonPages:       4782732 kB
Mapped:          2496780 kB
Shmem:            647468 kB
Slab:             102992 kB
SReclaimable:      39848 kB
SUnreclaim:        63144 kB
KernelStack:       16080 kB
PageTables:        76996 kB
NFS_Unstable:          0 kB
Bounce:                0 kB
WritebackTmp:          0 kB
CommitLimit:     4039864 kB
Committed_AS:   16546180 kB
VmallocTotal:   34359738367 kB
VmallocUsed:      358196 kB
VmallocChunk:   34359303400 kB
HardwareCorrupted:     0 kB
AnonHugePages:   1880064 kB
HugePages_Total:       0
HugePages_Free:        0
HugePages_Rsvd:        0
HugePages_Surp:        0
Hugepagesize:       2048 kB
DirectMap4k:       93648 kB
DirectMap2M:     1906688 kB
DirectMap1G:     6291456 kB


CPU:total 4 (2 cores per cpu, 2 threads per core) family 6 model 60 stepping 3, cmov, cx8, fxsr, mmx, sse, sse2, sse3, ssse3, sse4.1, sse4.2, popcnt, avx, avx2, aes, clmul, erms, rtm, lzcnt, ht, tsc, tscinvbit, bmi1, bmi2

/proc/cpuinfo:
processor	: 0
vendor_id	: GenuineIntel
cpu family	: 6
model		: 60
model name	: Intel(R) Core(TM) i5-4570T CPU @ 2.90GHz
stepping	: 3
microcode	: 0x1a
cpu MHz		: 3299.882
cache size	: 4096 KB
physical id	: 0
siblings	: 4
core id		: 0
cpu cores	: 2
apicid		: 0
initial apicid	: 0
fpu		: yes
fpu_exception	: yes
cpuid level	: 13
wp		: yes
flags		: fpu vme de pse tsc msr pae mce cx8 apic sep mtrr pge mca cmov pat pse36 clflush dts acpi mmx fxsr sse sse2 ss ht tm pbe syscall nx pdpe1gb rdtscp lm constant_tsc arch_perfmon pebs bts rep_good nopl xtopology nonstop_tsc aperfmperf eagerfpu pni pclmulqdq dtes64 monitor ds_cpl vmx smx est tm2 ssse3 fma cx16 xtpr pdcm pcid sse4_1 sse4_2 x2apic movbe popcnt tsc_deadline_timer aes xsave avx f16c rdrand lahf_lm abm ida arat epb xsaveopt pln pts dtherm tpr_shadow vnmi flexpriority ept vpid fsgsbase tsc_adjust bmi1 hle avx2 smep bmi2 erms invpcid rtm
bogomips	: 5786.58
clflush size	: 64
cache_alignment	: 64
address sizes	: 39 bits physical, 48 bits virtual
power management:

processor	: 1
vendor_id	: GenuineIntel
cpu family	: 6
model		: 60
model name	: Intel(R) Core(TM) i5-4570T CPU @ 2.90GHz
stepping	: 3
microcode	: 0x1a
cpu MHz		: 3414.750
cache size	: 4096 KB
physical id	: 0
siblings	: 4
core id		: 1
cpu cores	: 2
apicid		: 2
initial apicid	: 2
fpu		: yes
fpu_exception	: yes
cpuid level	: 13
wp		: yes
flags		: fpu vme de pse tsc msr pae mce cx8 apic sep mtrr pge mca cmov pat pse36 clflush dts acpi mmx fxsr sse sse2 ss ht tm pbe syscall nx pdpe1gb rdtscp lm constant_tsc arch_perfmon pebs bts rep_good nopl xtopology nonstop_tsc aperfmperf eagerfpu pni pclmulqdq dtes64 monitor ds_cpl vmx smx est tm2 ssse3 fma cx16 xtpr pdcm pcid sse4_1 sse4_2 x2apic movbe popcnt tsc_deadline_timer aes xsave avx f16c rdrand lahf_lm abm ida arat epb xsaveopt pln pts dtherm tpr_shadow vnmi flexpriority ept vpid fsgsbase tsc_adjust bmi1 hle avx2 smep bmi2 erms invpcid rtm
bogomips	: 5786.58
clflush size	: 64
cache_alignment	: 64
address sizes	: 39 bits physical, 48 bits virtual
power management:

processor	: 2
vendor_id	: GenuineIntel
cpu family	: 6
model		: 60
model name	: Intel(R) Core(TM) i5-4570T CPU @ 2.90GHz
stepping	: 3
microcode	: 0x1a
cpu MHz		: 3299.203
cache size	: 4096 KB
physical id	: 0
siblings	: 4
core id		: 0
cpu cores	: 2
apicid		: 1
initial apicid	: 1
fpu		: yes
fpu_exception	: yes
cpuid level	: 13
wp		: yes
flags		: fpu vme de pse tsc msr pae mce cx8 apic sep mtrr pge mca cmov pat pse36 clflush dts acpi mmx fxsr sse sse2 ss ht tm pbe syscall nx pdpe1gb rdtscp lm constant_tsc arch_perfmon pebs bts rep_good nopl xtopology nonstop_tsc aperfmperf eagerfpu pni pclmulqdq dtes64 monitor ds_cpl vmx smx est tm2 ssse3 fma cx16 xtpr pdcm pcid sse4_1 sse4_2 x2apic movbe popcnt tsc_deadline_timer aes xsave avx f16c rdrand lahf_lm abm ida arat epb xsaveopt pln pts dtherm tpr_shadow vnmi flexpriority ept vpid fsgsbase tsc_adjust bmi1 hle avx2 smep bmi2 erms invpcid rtm
bogomips	: 5786.58
clflush size	: 64
cache_alignment	: 64
address sizes	: 39 bits physical, 48 bits virtual
power management:

processor	: 3
vendor_id	: GenuineIntel
cpu family	: 6
model		: 60
model name	: Intel(R) Core(TM) i5-4570T CPU @ 2.90GHz
stepping	: 3
microcode	: 0x1a
cpu MHz		: 3414.750
cache size	: 4096 KB
physical id	: 0
siblings	: 4
core id		: 1
cpu cores	: 2
apicid		: 3
initial apicid	: 3
fpu		: yes
fpu_exception	: yes
cpuid level	: 13
wp		: yes
flags		: fpu vme de pse tsc msr pae mce cx8 apic sep mtrr pge mca cmov pat pse36 clflush dts acpi mmx fxsr sse sse2 ss ht tm pbe syscall nx pdpe1gb rdtscp lm constant_tsc arch_perfmon pebs bts rep_good nopl xtopology nonstop_tsc aperfmperf eagerfpu pni pclmulqdq dtes64 monitor ds_cpl vmx smx est tm2 ssse3 fma cx16 xtpr pdcm pcid sse4_1 sse4_2 x2apic movbe popcnt tsc_deadline_timer aes xsave avx f16c rdrand lahf_lm abm ida arat epb xsaveopt pln pts dtherm tpr_shadow vnmi flexpriority ept vpid fsgsbase tsc_adjust bmi1 hle avx2 smep bmi2 erms invpcid rtm
bogomips	: 5786.58
clflush size	: 64
cache_alignment	: 64
address sizes	: 39 bits physical, 48 bits virtual
power management:



Memory: 4k page, physical 8079728k(137280k free), swap 0k(0k free)

vm_info: Java HotSpot(TM) 64-Bit Server VM (25.71-b15) for linux-amd64 JRE (1.8.0_71-b15), built on Dec 22 2015 18:21:33 by "java_re" with gcc 4.3.0 20080428 (Red Hat 4.3.0-8)

time: Sat Mar  5 17:54:09 2016
elapsed time: 11 seconds (0d 0h 0m 11s)

